#
# There is insufficient memory for the Java Runtime Environment to continue.
# Native memory allocation (malloc) failed to allocate 1127616 bytes for Chunk::new
# Possible reasons:
#   The system is out of physical RAM or swap space
#   The process is running with CompressedOops enabled, and the Java Heap may be blocking the growth of the native heap
# Possible solutions:
#   Reduce memory load on the system
#   Increase physical memory or swap space
#   Check if swap backing store is full
#   Decrease Java heap size (-Xmx/-Xms)
#   Decrease number of Java threads
#   Decrease Java thread stack sizes (-Xss)
#   Set larger code cache with -XX:ReservedCodeCacheSize=
#   JVM is running with Unscaled Compressed Oops mode in which the Java heap is
#     placed in the first 4GB address space. The Java Heap base address is the
#     maximum limit for the native heap growth. Please use -XX:HeapBaseMinAddress
#     to set the Java Heap base and to place the Java Heap above 4GB virtual address.
# This output file may be truncated or incomplete.
#
#  Out of Memory Error (./src/hotspot/share/memory/arena.cpp:197), pid=15836, tid=11012
#
# JRE version: OpenJDK Runtime Environment (11.0.12+7) (build 11.0.12+7-b1504.28-7817840)
# Java VM: OpenJDK 64-Bit Server VM (11.0.12+7-b1504.28-7817840, mixed mode, tiered, compressed oops, g1 gc, windows-amd64)
# No core dump will be written. Minidumps are not enabled by default on client versions of Windows
#

---------------  S U M M A R Y ------------

Command Line: --add-opens=java.base/java.util=ALL-UNNAMED --add-opens=java.base/java.lang=ALL-UNNAMED --add-opens=java.base/java.lang.invoke=ALL-UNNAMED --add-opens=java.base/java.util=ALL-UNNAMED --add-opens=java.prefs/java.util.prefs=ALL-UNNAMED --add-opens=java.prefs/java.util.prefs=ALL-UNNAMED --add-opens=java.base/java.nio.charset=ALL-UNNAMED --add-opens=java.base/java.net=ALL-UNNAMED --add-opens=java.base/java.util.concurrent.atomic=ALL-UNNAMED -Xmx2048m -Dfile.encoding=UTF-8 -Duser.country=US -Duser.language=en -Duser.variant org.gradle.launcher.daemon.bootstrap.GradleDaemon 7.3.3

Host: Intel(R) Core(TM) i7-9700 CPU @ 3.00GHz, 8 cores, 15G,  Windows 10 , 64 bit Build 18362 (10.0.18362.86)
Time: Wed Jun  1 14:40:56 2022 SE Asia Standard Time elapsed time: 5507.387505 seconds (0d 1h 31m 47s)

---------------  T H R E A D  ---------------

Current thread (0x0000021a2f391800):  JavaThread "C2 CompilerThread2" daemon [_thread_in_native, id=11012, stack(0x0000006e75700000,0x0000006e75800000)]


Current CompileTask:
C2:5507387 32560       4       org.gradle.internal.isolated.IsolationScheme::parameterTypeFor (115 bytes)

Stack: [0x0000006e75700000,0x0000006e75800000]
Native frames: (J=compiled Java code, j=interpreted, Vv=VM code, C=native code)
V  [jvm.dll+0x5fbcea]
V  [jvm.dll+0x731905]
V  [jvm.dll+0x732f1d]
V  [jvm.dll+0x7335d3]
V  [jvm.dll+0x247bf8]
V  [jvm.dll+0xc018c]
V  [jvm.dll+0xc06cc]
V  [jvm.dll+0x2bcc04]
V  [jvm.dll+0x5113a8]
V  [jvm.dll+0x208303]
V  [jvm.dll+0x201fe0]
V  [jvm.dll+0x1ff71f]
V  [jvm.dll+0x18868c]
V  [jvm.dll+0x20e0d7]
V  [jvm.dll+0x20c901]
V  [jvm.dll+0x6f9b7f]
V  [jvm.dll+0x6f26a5]
V  [jvm.dll+0x5fabf6]
C  [ucrtbase.dll+0x1d912]
C  [KERNEL32.DLL+0x17bd4]
C  [ntdll.dll+0x6ce71]


---------------  P R O C E S S  ---------------

Threads class SMR info:
_java_thread_list=0x0000021a288b3180, length=40, elements={
0x0000021a06e5d800, 0x0000021a23b78000, 0x0000021a23b83000, 0x0000021a23bda000,
0x0000021a23bdb000, 0x0000021a23bdf000, 0x0000021a23be2000, 0x0000021a23be5000,
0x0000021a23bf1800, 0x0000021a23d49800, 0x0000021a2578a800, 0x0000021a2511f000,
0x0000021a2570f800, 0x0000021a25c02000, 0x0000021a25c02800, 0x0000021a25cb1000,
0x0000021a25cb2800, 0x0000021a25cb0000, 0x0000021a25cae800, 0x0000021a25caf800,
0x0000021a25cb6000, 0x0000021a25cba000, 0x0000021a25cb6800, 0x0000021a28300800,
0x0000021a28302000, 0x0000021a28304000, 0x0000021a28305800, 0x0000021a28303000,
0x0000021a28300000, 0x0000021a2830a800, 0x0000021a27ff3000, 0x0000021a27ff1000,
0x0000021a27ff2000, 0x0000021a29fb2800, 0x0000021a28309800, 0x0000021a2f38e800,
0x0000021a2f38a800, 0x0000021a27ff7000, 0x0000021a2f390000, 0x0000021a2f391800
}

Java Threads: ( => current thread )
  0x0000021a06e5d800 JavaThread "main" [_thread_blocked, id=32, stack(0x0000006e6cc00000,0x0000006e6cd00000)]
  0x0000021a23b78000 JavaThread "Reference Handler" daemon [_thread_blocked, id=4216, stack(0x0000006e6d300000,0x0000006e6d400000)]
  0x0000021a23b83000 JavaThread "Finalizer" daemon [_thread_blocked, id=12040, stack(0x0000006e6d400000,0x0000006e6d500000)]
  0x0000021a23bda000 JavaThread "Signal Dispatcher" daemon [_thread_blocked, id=13112, stack(0x0000006e6d500000,0x0000006e6d600000)]
  0x0000021a23bdb000 JavaThread "Attach Listener" daemon [_thread_blocked, id=13600, stack(0x0000006e6d600000,0x0000006e6d700000)]
  0x0000021a23bdf000 JavaThread "Service Thread" daemon [_thread_blocked, id=1536, stack(0x0000006e6d700000,0x0000006e6d800000)]
  0x0000021a23be2000 JavaThread "C2 CompilerThread0" daemon [_thread_blocked, id=15316, stack(0x0000006e6d800000,0x0000006e6d900000)]
  0x0000021a23be5000 JavaThread "C1 CompilerThread0" daemon [_thread_blocked, id=1980, stack(0x0000006e6d900000,0x0000006e6da00000)]
  0x0000021a23bf1800 JavaThread "Sweeper thread" daemon [_thread_blocked, id=216, stack(0x0000006e6da00000,0x0000006e6db00000)]
  0x0000021a23d49800 JavaThread "Common-Cleaner" daemon [_thread_blocked, id=6552, stack(0x0000006e6db00000,0x0000006e6dc00000)]
  0x0000021a2578a800 JavaThread "Daemon health stats" [_thread_blocked, id=4984, stack(0x0000006e6e300000,0x0000006e6e400000)]
  0x0000021a2511f000 JavaThread "Incoming local TCP Connector on port 50266" [_thread_in_native, id=13564, stack(0x0000006e6e400000,0x0000006e6e500000)]
  0x0000021a2570f800 JavaThread "Daemon periodic checks" [_thread_blocked, id=13236, stack(0x0000006e6e500000,0x0000006e6e600000)]
  0x0000021a25c02000 JavaThread "Cache worker for journal cache (C:\Users\luong.lk\.gradle\caches\journal-1)" [_thread_blocked, id=11812, stack(0x0000006e6ed00000,0x0000006e6ee00000)]
  0x0000021a25c02800 JavaThread "File lock request listener" [_thread_in_native, id=4156, stack(0x0000006e6ee00000,0x0000006e6ef00000)]
  0x0000021a25cb1000 JavaThread "Cache worker for file hash cache (C:\Users\luong.lk\.gradle\caches\7.3.3\fileHashes)" [_thread_blocked, id=10140, stack(0x0000006e6ef00000,0x0000006e6f000000)]
  0x0000021a25cb2800 JavaThread "File watcher server" daemon [_thread_in_native, id=14104, stack(0x0000006e6f400000,0x0000006e6f500000)]
  0x0000021a25cb0000 JavaThread "File watcher consumer" daemon [_thread_blocked, id=13740, stack(0x0000006e6f500000,0x0000006e6f600000)]
  0x0000021a25cae800 JavaThread "Cache worker for execution history cache (C:\Users\luong.lk\.gradle\caches\7.3.3\executionHistory)" [_thread_blocked, id=15260, stack(0x0000006e6f900000,0x0000006e6fa00000)]
  0x0000021a25caf800 JavaThread "jar transforms" [_thread_blocked, id=6384, stack(0x0000006e6fb00000,0x0000006e6fc00000)]
  0x0000021a25cb6000 JavaThread "Cache worker for file content cache (C:\Users\luong.lk\.gradle\caches\7.3.3\fileContent)" [_thread_blocked, id=8892, stack(0x0000006e6fc00000,0x0000006e6fd00000)]
  0x0000021a25cba000 JavaThread "jar transforms Thread 2" [_thread_blocked, id=16216, stack(0x0000006e6fd00000,0x0000006e6fe00000)]
  0x0000021a25cb6800 JavaThread "jar transforms Thread 3" [_thread_blocked, id=14040, stack(0x0000006e6ff00000,0x0000006e70000000)]
  0x0000021a28300800 JavaThread "jar transforms Thread 4" [_thread_blocked, id=7392, stack(0x0000006e75100000,0x0000006e75200000)]
  0x0000021a28302000 JavaThread "jar transforms Thread 5" [_thread_blocked, id=6892, stack(0x0000006e75200000,0x0000006e75300000)]
  0x0000021a28304000 JavaThread "jar transforms Thread 6" [_thread_blocked, id=10188, stack(0x0000006e75300000,0x0000006e75400000)]
  0x0000021a28305800 JavaThread "jar transforms Thread 7" [_thread_blocked, id=12848, stack(0x0000006e75400000,0x0000006e75500000)]
  0x0000021a28303000 JavaThread "jar transforms Thread 8" [_thread_blocked, id=16060, stack(0x0000006e75500000,0x0000006e75600000)]
  0x0000021a28300000 JavaThread "Memory manager" [_thread_blocked, id=16140, stack(0x0000006e6fa00000,0x0000006e6fb00000)]
  0x0000021a2830a800 JavaThread "RMI Scheduler(0)" daemon [_thread_blocked, id=3904, stack(0x0000006e6f700000,0x0000006e6f800000)]
  0x0000021a27ff3000 JavaThread "RMI GC Daemon" daemon [_thread_blocked, id=9096, stack(0x0000006e76100000,0x0000006e76200000)]
  0x0000021a27ff1000 JavaThread "RMI TCP Accept-0" daemon [_thread_in_native, id=12708, stack(0x0000006e76200000,0x0000006e76300000)]
  0x0000021a27ff2000 JavaThread "RMI Reaper" [_thread_blocked, id=6472, stack(0x0000006e76300000,0x0000006e76400000)]
  0x0000021a29fb2800 JavaThread "Cache worker for Java compile cache (C:\Users\luong.lk\.gradle\caches\7.3.3\javaCompile)" [_thread_blocked, id=14972, stack(0x0000006e76e00000,0x0000006e76f00000)]
  0x0000021a28309800 JavaThread "ForkJoinPool.commonPool-worker-13" daemon [_thread_blocked, id=13772, stack(0x0000006e77e00000,0x0000006e77f00000)]
  0x0000021a2f38e800 JavaThread "Daemon Thread 16" [_thread_blocked, id=3532, stack(0x0000006e6c900000,0x0000006e6ca00000)]
  0x0000021a2f38a800 JavaThread "Daemon worker Thread 16" [_thread_blocked, id=13984, stack(0x0000006e6e600000,0x0000006e6e700000)]
  0x0000021a27ff7000 JavaThread "RMI TCP Connection(47)-127.0.0.1" daemon [_thread_in_native, id=12344, stack(0x0000006e6ca00000,0x0000006e6cb00000)]
  0x0000021a2f390000 JavaThread "C2 CompilerThread1" daemon [_thread_blocked, id=13976, stack(0x0000006e75000000,0x0000006e75100000)]
=>0x0000021a2f391800 JavaThread "C2 CompilerThread2" daemon [_thread_in_native, id=11012, stack(0x0000006e75700000,0x0000006e75800000)]

Other Threads:
  0x0000021a23b74800 VMThread "VM Thread" [stack: 0x0000006e6d200000,0x0000006e6d300000] [id=3888]
  0x0000021a23d54800 WatcherThread [stack: 0x0000006e6dc00000,0x0000006e6dd00000] [id=14760]
  0x0000021a06e76000 GCTaskThread "GC Thread#0" [stack: 0x0000006e6cd00000,0x0000006e6ce00000] [id=12800]
  0x0000021a24a7b800 GCTaskThread "GC Thread#1" [stack: 0x0000006e6dd00000,0x0000006e6de00000] [id=13368]
  0x0000021a24c75800 GCTaskThread "GC Thread#2" [stack: 0x0000006e6de00000,0x0000006e6df00000] [id=10896]
  0x0000021a24aaa000 GCTaskThread "GC Thread#3" [stack: 0x0000006e6df00000,0x0000006e6e000000] [id=12764]
  0x0000021a24aab000 GCTaskThread "GC Thread#4" [stack: 0x0000006e6e000000,0x0000006e6e100000] [id=14684]
  0x0000021a24c47800 GCTaskThread "GC Thread#5" [stack: 0x0000006e6e100000,0x0000006e6e200000] [id=4492]
  0x0000021a260a6800 GCTaskThread "GC Thread#6" [stack: 0x0000006e6f000000,0x0000006e6f100000] [id=4244]
  0x0000021a25f20000 GCTaskThread "GC Thread#7" [stack: 0x0000006e6f100000,0x0000006e6f200000] [id=12504]
  0x0000021a06eaf800 ConcurrentGCThread "G1 Main Marker" [stack: 0x0000006e6ce00000,0x0000006e6cf00000] [id=1816]
  0x0000021a06eb1000 ConcurrentGCThread "G1 Conc#0" [stack: 0x0000006e6cf00000,0x0000006e6d000000] [id=6048]
  0x0000021a24c49000 ConcurrentGCThread "G1 Conc#1" [stack: 0x0000006e6f200000,0x0000006e6f300000] [id=6752]
  0x0000021a231c4800 ConcurrentGCThread "G1 Refine#0" [stack: 0x0000006e6d000000,0x0000006e6d100000] [id=11144]
  0x0000021a2448f000 ConcurrentGCThread "G1 Refine#1" [stack: 0x0000006e6e200000,0x0000006e6e300000] [id=15680]
  0x0000021a24489000 ConcurrentGCThread "G1 Refine#2" [stack: 0x0000006e76500000,0x0000006e76600000] [id=11772]
  0x0000021a2448c000 ConcurrentGCThread "G1 Refine#3" [stack: 0x0000006e76600000,0x0000006e76700000] [id=9740]
  0x0000021a231c5800 ConcurrentGCThread "G1 Young RemSet Sampling" [stack: 0x0000006e6d100000,0x0000006e6d200000] [id=7800]

Threads with active compile tasks:
C2 CompilerThread25507629 32560       4       org.gradle.internal.isolated.IsolationScheme::parameterTypeFor (115 bytes)

VM state:not at safepoint (normal execution)

VM Mutex/Monitor currently owned by a thread: None

Heap address: 0x0000000080000000, size: 2048 MB, Compressed Oops mode: 32-bit
Narrow klass base: 0x0000000000000000, Narrow klass shift: 3
Compressed class space size: 1073741824 Address: 0x0000000100000000

Heap:
 garbage-first heap   total 260096K, used 195875K [0x0000000080000000, 0x0000000100000000)
  region size 1024K, 87 young (89088K), 2 survivors (2048K)
 Metaspace       used 145646K, capacity 151130K, committed 151404K, reserved 1181696K
  class space    used 17903K, capacity 19870K, committed 19968K, reserved 1048576K
Heap Regions: E=young(eden), S=young(survivor), O=old, HS=humongous(starts), HC=humongous(continues), CS=collection set, F=free, A=archive, TAMS=top-at-mark-start (previous, next)
|   0|0x0000000080000000, 0x0000000080100000, 0x0000000080100000|100%| O|  |TAMS 0x0000000080100000, 0x0000000080000000| Untracked 
|   1|0x0000000080100000, 0x0000000080200000, 0x0000000080200000|100%| O|  |TAMS 0x0000000080200000, 0x0000000080100000| Untracked 
|   2|0x0000000080200000, 0x0000000080300000, 0x0000000080300000|100%| O|  |TAMS 0x0000000080300000, 0x0000000080200000| Untracked 
|   3|0x0000000080300000, 0x0000000080400000, 0x0000000080400000|100%|HS|  |TAMS 0x0000000080400000, 0x0000000080300000| Complete 
|   4|0x0000000080400000, 0x0000000080500000, 0x0000000080500000|100%|HC|  |TAMS 0x0000000080500000, 0x0000000080400000| Complete 
|   5|0x0000000080500000, 0x0000000080600000, 0x0000000080600000|100%|HC|  |TAMS 0x0000000080600000, 0x0000000080500000| Complete 
|   6|0x0000000080600000, 0x0000000080700000, 0x0000000080700000|100%| O|  |TAMS 0x0000000080700000, 0x0000000080600000| Untracked 
|   7|0x0000000080700000, 0x0000000080800000, 0x0000000080800000|100%| O|  |TAMS 0x0000000080800000, 0x0000000080700000| Untracked 
|   8|0x0000000080800000, 0x0000000080900000, 0x0000000080900000|100%| O|  |TAMS 0x0000000080900000, 0x0000000080800000| Untracked 
|   9|0x0000000080900000, 0x0000000080a00000, 0x0000000080a00000|100%| O|  |TAMS 0x0000000080a00000, 0x0000000080900000| Untracked 
|  10|0x0000000080a00000, 0x0000000080b00000, 0x0000000080b00000|100%| O|  |TAMS 0x0000000080b00000, 0x0000000080a00000| Untracked 
|  11|0x0000000080b00000, 0x0000000080c00000, 0x0000000080c00000|100%| O|  |TAMS 0x0000000080c00000, 0x0000000080b00000| Untracked 
|  12|0x0000000080c00000, 0x0000000080d00000, 0x0000000080d00000|100%| O|  |TAMS 0x0000000080d00000, 0x0000000080c00000| Untracked 
|  13|0x0000000080d00000, 0x0000000080e00000, 0x0000000080e00000|100%| O|  |TAMS 0x0000000080e00000, 0x0000000080d00000| Untracked 
|  14|0x0000000080e00000, 0x0000000080f00000, 0x0000000080f00000|100%| O|  |TAMS 0x0000000080f00000, 0x0000000080e00000| Untracked 
|  15|0x0000000080f00000, 0x0000000081000000, 0x0000000081000000|100%| O|  |TAMS 0x0000000081000000, 0x0000000080f00000| Untracked 
|  16|0x0000000081000000, 0x0000000081100000, 0x0000000081100000|100%| O|  |TAMS 0x0000000081100000, 0x0000000081000000| Untracked 
|  17|0x0000000081100000, 0x0000000081200000, 0x0000000081200000|100%|HS|  |TAMS 0x0000000081200000, 0x0000000081100000| Complete 
|  18|0x0000000081200000, 0x0000000081300000, 0x0000000081300000|100%|HS|  |TAMS 0x0000000081300000, 0x0000000081200000| Complete 
|  19|0x0000000081300000, 0x0000000081400000, 0x0000000081400000|100%|HS|  |TAMS 0x0000000081400000, 0x0000000081300000| Complete 
|  20|0x0000000081400000, 0x0000000081500000, 0x0000000081500000|100%|HS|  |TAMS 0x0000000081500000, 0x0000000081400000| Complete 
|  21|0x0000000081500000, 0x0000000081600000, 0x0000000081600000|100%|HC|  |TAMS 0x0000000081600000, 0x0000000081500000| Complete 
|  22|0x0000000081600000, 0x0000000081700000, 0x0000000081700000|100%|HC|  |TAMS 0x0000000081700000, 0x0000000081600000| Complete 
|  23|0x0000000081700000, 0x0000000081800000, 0x0000000081800000|100%|HS|  |TAMS 0x0000000081800000, 0x0000000081700000| Complete 
|  24|0x0000000081800000, 0x0000000081900000, 0x0000000081900000|100%|HC|  |TAMS 0x0000000081900000, 0x0000000081800000| Complete 
|  25|0x0000000081900000, 0x0000000081a00000, 0x0000000081a00000|100%| O|  |TAMS 0x0000000081a00000, 0x0000000081900000| Untracked 
|  26|0x0000000081a00000, 0x0000000081b00000, 0x0000000081b00000|100%| O|  |TAMS 0x0000000081b00000, 0x0000000081a00000| Untracked 
|  27|0x0000000081b00000, 0x0000000081c00000, 0x0000000081c00000|100%| O|  |TAMS 0x0000000081c00000, 0x0000000081b00000| Untracked 
|  28|0x0000000081c00000, 0x0000000081d00000, 0x0000000081d00000|100%| O|  |TAMS 0x0000000081d00000, 0x0000000081c00000| Untracked 
|  29|0x0000000081d00000, 0x0000000081e00000, 0x0000000081e00000|100%| O|  |TAMS 0x0000000081e00000, 0x0000000081d00000| Untracked 
|  30|0x0000000081e00000, 0x0000000081f00000, 0x0000000081f00000|100%| O|  |TAMS 0x0000000081f00000, 0x0000000081e00000| Untracked 
|  31|0x0000000081f00000, 0x0000000082000000, 0x0000000082000000|100%| O|  |TAMS 0x0000000082000000, 0x0000000081f00000| Untracked 
|  32|0x0000000082000000, 0x0000000082100000, 0x0000000082100000|100%| O|  |TAMS 0x0000000082100000, 0x0000000082000000| Untracked 
|  33|0x0000000082100000, 0x0000000082200000, 0x0000000082200000|100%| O|  |TAMS 0x0000000082200000, 0x0000000082100000| Untracked 
|  34|0x0000000082200000, 0x0000000082300000, 0x0000000082300000|100%| O|  |TAMS 0x0000000082300000, 0x0000000082200000| Untracked 
|  35|0x0000000082300000, 0x0000000082400000, 0x0000000082400000|100%| O|  |TAMS 0x0000000082400000, 0x0000000082300000| Untracked 
|  36|0x0000000082400000, 0x0000000082500000, 0x0000000082500000|100%| O|  |TAMS 0x0000000082500000, 0x0000000082400000| Untracked 
|  37|0x0000000082500000, 0x0000000082600000, 0x0000000082600000|100%| O|  |TAMS 0x0000000082600000, 0x0000000082500000| Untracked 
|  38|0x0000000082600000, 0x0000000082700000, 0x0000000082700000|100%| O|  |TAMS 0x0000000082700000, 0x0000000082600000| Untracked 
|  39|0x0000000082700000, 0x0000000082800000, 0x0000000082800000|100%| O|  |TAMS 0x0000000082800000, 0x0000000082700000| Untracked 
|  40|0x0000000082800000, 0x0000000082900000, 0x0000000082900000|100%| O|  |TAMS 0x0000000082900000, 0x0000000082800000| Untracked 
|  41|0x0000000082900000, 0x0000000082a00000, 0x0000000082a00000|100%| O|  |TAMS 0x0000000082a00000, 0x0000000082900000| Untracked 
|  42|0x0000000082a00000, 0x0000000082b00000, 0x0000000082b00000|100%| O|  |TAMS 0x0000000082b00000, 0x0000000082a00000| Untracked 
|  43|0x0000000082b00000, 0x0000000082c00000, 0x0000000082c00000|100%| O|  |TAMS 0x0000000082c00000, 0x0000000082b00000| Untracked 
|  44|0x0000000082c00000, 0x0000000082d00000, 0x0000000082d00000|100%| O|  |TAMS 0x0000000082d00000, 0x0000000082c00000| Untracked 
|  45|0x0000000082d00000, 0x0000000082e00000, 0x0000000082e00000|100%| O|  |TAMS 0x0000000082e00000, 0x0000000082d00000| Untracked 
|  46|0x0000000082e00000, 0x0000000082f00000, 0x0000000082f00000|100%| O|  |TAMS 0x0000000082e00000, 0x0000000082e00000| Untracked 
|  47|0x0000000082f00000, 0x0000000083000000, 0x0000000083000000|100%| O|  |TAMS 0x0000000083000000, 0x0000000082f00000| Untracked 
|  48|0x0000000083000000, 0x0000000083100000, 0x0000000083100000|100%| O|  |TAMS 0x0000000083100000, 0x0000000083000000| Untracked 
|  49|0x0000000083100000, 0x0000000083200000, 0x0000000083200000|100%| O|  |TAMS 0x0000000083200000, 0x0000000083100000| Untracked 
|  50|0x0000000083200000, 0x0000000083300000, 0x0000000083300000|100%| O|  |TAMS 0x0000000083300000, 0x0000000083200000| Untracked 
|  51|0x0000000083300000, 0x0000000083300000, 0x0000000083400000|  0%| F|  |TAMS 0x0000000083300000, 0x0000000083300000| Untracked 
|  52|0x0000000083400000, 0x0000000083500000, 0x0000000083500000|100%| O|  |TAMS 0x0000000083500000, 0x0000000083400000| Untracked 
|  53|0x0000000083500000, 0x0000000083500000, 0x0000000083600000|  0%| F|  |TAMS 0x0000000083500000, 0x0000000083500000| Untracked 
|  54|0x0000000083600000, 0x0000000083600000, 0x0000000083700000|  0%| F|  |TAMS 0x0000000083600000, 0x0000000083600000| Untracked 
|  55|0x0000000083700000, 0x0000000083800000, 0x0000000083800000|100%| O|  |TAMS 0x0000000083800000, 0x0000000083700000| Untracked 
|  56|0x0000000083800000, 0x0000000083900000, 0x0000000083900000|100%| O|  |TAMS 0x0000000083800000, 0x0000000083800000| Untracked 
|  57|0x0000000083900000, 0x0000000083a00000, 0x0000000083a00000|100%| O|  |TAMS 0x0000000083a00000, 0x0000000083900000| Untracked 
|  58|0x0000000083a00000, 0x0000000083b00000, 0x0000000083b00000|100%| O|  |TAMS 0x0000000083b00000, 0x0000000083a00000| Untracked 
|  59|0x0000000083b00000, 0x0000000083c00000, 0x0000000083c00000|100%| O|  |TAMS 0x0000000083c00000, 0x0000000083b00000| Untracked 
|  60|0x0000000083c00000, 0x0000000083d00000, 0x0000000083d00000|100%| O|  |TAMS 0x0000000083d00000, 0x0000000083c00000| Untracked 
|  61|0x0000000083d00000, 0x0000000083e00000, 0x0000000083e00000|100%| O|  |TAMS 0x0000000083e00000, 0x0000000083d00000| Untracked 
|  62|0x0000000083e00000, 0x0000000083f00000, 0x0000000083f00000|100%| O|  |TAMS 0x0000000083f00000, 0x0000000083e00000| Untracked 
|  63|0x0000000083f00000, 0x0000000083f00000, 0x0000000084000000|  0%| F|  |TAMS 0x0000000083f00000, 0x0000000083f00000| Untracked 
|  64|0x0000000084000000, 0x0000000084000000, 0x0000000084100000|  0%| F|  |TAMS 0x0000000084000000, 0x0000000084000000| Untracked 
|  65|0x0000000084100000, 0x0000000084100000, 0x0000000084200000|  0%| F|  |TAMS 0x0000000084100000, 0x0000000084100000| Untracked 
|  66|0x0000000084200000, 0x0000000084200000, 0x0000000084300000|  0%| F|  |TAMS 0x0000000084200000, 0x0000000084200000| Untracked 
|  67|0x0000000084300000, 0x0000000084400000, 0x0000000084400000|100%| O|  |TAMS 0x0000000084400000, 0x0000000084300000| Untracked 
|  68|0x0000000084400000, 0x0000000084500000, 0x0000000084500000|100%| O|  |TAMS 0x0000000084500000, 0x0000000084400000| Untracked 
|  69|0x0000000084500000, 0x0000000084600000, 0x0000000084600000|100%| O|  |TAMS 0x0000000084600000, 0x0000000084500000| Untracked 
|  70|0x0000000084600000, 0x0000000084700000, 0x0000000084700000|100%| O|  |TAMS 0x0000000084700000, 0x0000000084600000| Untracked 
|  71|0x0000000084700000, 0x0000000084800000, 0x0000000084800000|100%| O|  |TAMS 0x0000000084800000, 0x0000000084700000| Untracked 
|  72|0x0000000084800000, 0x0000000084900000, 0x0000000084900000|100%| O|  |TAMS 0x0000000084900000, 0x0000000084800000| Untracked 
|  73|0x0000000084900000, 0x0000000084900000, 0x0000000084a00000|  0%| F|  |TAMS 0x0000000084900000, 0x0000000084900000| Untracked 
|  74|0x0000000084a00000, 0x0000000084b00000, 0x0000000084b00000|100%| O|  |TAMS 0x0000000084b00000, 0x0000000084a00000| Untracked 
|  75|0x0000000084b00000, 0x0000000084c00000, 0x0000000084c00000|100%| O|  |TAMS 0x0000000084b00000, 0x0000000084b00000| Untracked 
|  76|0x0000000084c00000, 0x0000000084d00000, 0x0000000084d00000|100%| O|  |TAMS 0x0000000084d00000, 0x0000000084c00000| Untracked 
|  77|0x0000000084d00000, 0x0000000084d00000, 0x0000000084e00000|  0%| F|  |TAMS 0x0000000084d00000, 0x0000000084d00000| Untracked 
|  78|0x0000000084e00000, 0x0000000084f00000, 0x0000000084f00000|100%| O|  |TAMS 0x0000000084eb4600, 0x0000000084e00000| Untracked 
|  79|0x0000000084f00000, 0x0000000085000000, 0x0000000085000000|100%| O|  |TAMS 0x0000000085000000, 0x0000000084f00000| Untracked 
|  80|0x0000000085000000, 0x0000000085100000, 0x0000000085100000|100%| O|  |TAMS 0x0000000085100000, 0x0000000085000000| Untracked 
|  81|0x0000000085100000, 0x0000000085200000, 0x0000000085200000|100%| O|  |TAMS 0x0000000085100000, 0x0000000085100000| Untracked 
|  82|0x0000000085200000, 0x0000000085300000, 0x0000000085300000|100%| O|  |TAMS 0x0000000085300000, 0x0000000085200000| Untracked 
|  83|0x0000000085300000, 0x0000000085400000, 0x0000000085400000|100%| O|  |TAMS 0x0000000085400000, 0x0000000085300000| Untracked 
|  84|0x0000000085400000, 0x0000000085500000, 0x0000000085500000|100%| O|  |TAMS 0x0000000085500000, 0x0000000085400000| Untracked 
|  85|0x0000000085500000, 0x0000000085600000, 0x0000000085600000|100%| O|  |TAMS 0x0000000085600000, 0x0000000085500000| Untracked 
|  86|0x0000000085600000, 0x0000000085700000, 0x0000000085700000|100%| O|  |TAMS 0x0000000085700000, 0x0000000085600000| Untracked 
|  87|0x0000000085700000, 0x0000000085800000, 0x0000000085800000|100%| O|  |TAMS 0x0000000085800000, 0x0000000085700000| Untracked 
|  88|0x0000000085800000, 0x0000000085900000, 0x0000000085900000|100%| O|  |TAMS 0x0000000085800000, 0x0000000085800000| Untracked 
|  89|0x0000000085900000, 0x0000000085a00000, 0x0000000085a00000|100%| O|  |TAMS 0x0000000085900000, 0x0000000085900000| Untracked 
|  90|0x0000000085a00000, 0x0000000085b00000, 0x0000000085b00000|100%| O|  |TAMS 0x0000000085b00000, 0x0000000085a00000| Untracked 
|  91|0x0000000085b00000, 0x0000000085c00000, 0x0000000085c00000|100%| O|  |TAMS 0x0000000085c00000, 0x0000000085b00000| Untracked 
|  92|0x0000000085c00000, 0x0000000085d00000, 0x0000000085d00000|100%| O|  |TAMS 0x0000000085d00000, 0x0000000085c00000| Untracked 
|  93|0x0000000085d00000, 0x0000000085e00000, 0x0000000085e00000|100%| O|  |TAMS 0x0000000085e00000, 0x0000000085d00000| Untracked 
|  94|0x0000000085e00000, 0x0000000085f00000, 0x0000000085f00000|100%| O|  |TAMS 0x0000000085e00000, 0x0000000085e00000| Untracked 
|  95|0x0000000085f00000, 0x0000000086000000, 0x0000000086000000|100%| O|  |TAMS 0x0000000086000000, 0x0000000085f00000| Untracked 
|  96|0x0000000086000000, 0x0000000086100000, 0x0000000086100000|100%| O|  |TAMS 0x0000000086100000, 0x0000000086000000| Untracked 
|  97|0x0000000086100000, 0x0000000086200000, 0x0000000086200000|100%| O|  |TAMS 0x0000000086100000, 0x0000000086100000| Untracked 
|  98|0x0000000086200000, 0x0000000086300000, 0x0000000086300000|100%| O|  |TAMS 0x0000000086300000, 0x0000000086200000| Untracked 
|  99|0x0000000086300000, 0x0000000086400000, 0x0000000086400000|100%| O|  |TAMS 0x0000000086400000, 0x0000000086300000| Untracked 
| 100|0x0000000086400000, 0x0000000086500000, 0x0000000086500000|100%| O|  |TAMS 0x0000000086500000, 0x0000000086400000| Untracked 
| 101|0x0000000086500000, 0x0000000086600000, 0x0000000086600000|100%| O|  |TAMS 0x0000000086500000, 0x0000000086500000| Untracked 
| 102|0x0000000086600000, 0x0000000086700000, 0x0000000086700000|100%| O|  |TAMS 0x0000000086600000, 0x0000000086600000| Untracked 
| 103|0x0000000086700000, 0x0000000086800000, 0x0000000086800000|100%| O|  |TAMS 0x0000000086700000, 0x0000000086700000| Untracked 
| 104|0x0000000086800000, 0x0000000086900000, 0x0000000086900000|100%| O|  |TAMS 0x0000000086800000, 0x0000000086800000| Untracked 
| 105|0x0000000086900000, 0x0000000086a00000, 0x0000000086a00000|100%| O|  |TAMS 0x0000000086900000, 0x0000000086900000| Untracked 
| 106|0x0000000086a00000, 0x0000000086b00000, 0x0000000086b00000|100%| O|  |TAMS 0x0000000086a00000, 0x0000000086a00000| Untracked 
| 107|0x0000000086b00000, 0x0000000086c00000, 0x0000000086c00000|100%| O|  |TAMS 0x0000000086b00000, 0x0000000086b00000| Untracked 
| 108|0x0000000086c00000, 0x0000000086c1ce00, 0x0000000086d00000| 11%| O|  |TAMS 0x0000000086c00000, 0x0000000086c00000| Untracked 
| 109|0x0000000086d00000, 0x0000000086d00000, 0x0000000086e00000|  0%| F|  |TAMS 0x0000000086d00000, 0x0000000086d00000| Untracked 
| 110|0x0000000086e00000, 0x0000000086e00000, 0x0000000086f00000|  0%| F|  |TAMS 0x0000000086e00000, 0x0000000086e00000| Untracked 
| 111|0x0000000086f00000, 0x0000000086f00000, 0x0000000087000000|  0%| F|  |TAMS 0x0000000086f00000, 0x0000000086f00000| Untracked 
| 112|0x0000000087000000, 0x0000000087000000, 0x0000000087100000|  0%| F|  |TAMS 0x0000000087000000, 0x0000000087000000| Untracked 
| 113|0x0000000087100000, 0x0000000087100000, 0x0000000087200000|  0%| F|  |TAMS 0x0000000087100000, 0x0000000087100000| Untracked 
| 114|0x0000000087200000, 0x0000000087300000, 0x0000000087300000|100%| O|  |TAMS 0x0000000087300000, 0x0000000087200000| Untracked 
| 115|0x0000000087300000, 0x0000000087400000, 0x0000000087400000|100%| O|  |TAMS 0x0000000087400000, 0x0000000087300000| Untracked 
| 116|0x0000000087400000, 0x0000000087500000, 0x0000000087500000|100%| O|  |TAMS 0x0000000087500000, 0x0000000087400000| Untracked 
| 117|0x0000000087500000, 0x0000000087500000, 0x0000000087600000|  0%| F|  |TAMS 0x0000000087500000, 0x0000000087500000| Untracked 
| 118|0x0000000087600000, 0x0000000087700000, 0x0000000087700000|100%| O|  |TAMS 0x0000000087700000, 0x0000000087600000| Untracked 
| 119|0x0000000087700000, 0x0000000087800000, 0x0000000087800000|100%| O|  |TAMS 0x0000000087800000, 0x0000000087700000| Untracked 
| 120|0x0000000087800000, 0x0000000087800000, 0x0000000087900000|  0%| F|  |TAMS 0x0000000087800000, 0x0000000087800000| Untracked 
| 121|0x0000000087900000, 0x0000000087900000, 0x0000000087a00000|  0%| F|  |TAMS 0x0000000087900000, 0x0000000087900000| Untracked 
| 122|0x0000000087a00000, 0x0000000087a00000, 0x0000000087b00000|  0%| F|  |TAMS 0x0000000087a00000, 0x0000000087a00000| Untracked 
| 123|0x0000000087b00000, 0x0000000087b00000, 0x0000000087c00000|  0%| F|  |TAMS 0x0000000087b00000, 0x0000000087b00000| Untracked 
| 124|0x0000000087c00000, 0x0000000087c00000, 0x0000000087d00000|  0%| F|  |TAMS 0x0000000087c00000, 0x0000000087c00000| Untracked 
| 125|0x0000000087d00000, 0x0000000087d00000, 0x0000000087e00000|  0%| F|  |TAMS 0x0000000087d00000, 0x0000000087d00000| Untracked 
| 126|0x0000000087e00000, 0x0000000087e00000, 0x0000000087f00000|  0%| F|  |TAMS 0x0000000087e00000, 0x0000000087e00000| Untracked 
| 127|0x0000000087f00000, 0x0000000087f00000, 0x0000000088000000|  0%| F|  |TAMS 0x0000000087f00000, 0x0000000087f00000| Untracked 
| 128|0x0000000088000000, 0x0000000088000000, 0x0000000088100000|  0%| F|  |TAMS 0x0000000088000000, 0x0000000088000000| Untracked 
| 129|0x0000000088100000, 0x0000000088100000, 0x0000000088200000|  0%| F|  |TAMS 0x0000000088100000, 0x0000000088100000| Untracked 
| 130|0x0000000088200000, 0x0000000088300000, 0x0000000088300000|100%| O|  |TAMS 0x0000000088300000, 0x0000000088200000| Untracked 
| 131|0x0000000088300000, 0x0000000088400000, 0x0000000088400000|100%| O|  |TAMS 0x0000000088400000, 0x0000000088300000| Untracked 
| 132|0x0000000088400000, 0x0000000088500000, 0x0000000088500000|100%| O|  |TAMS 0x0000000088500000, 0x0000000088400000| Untracked 
| 133|0x0000000088500000, 0x0000000088500000, 0x0000000088600000|  0%| F|  |TAMS 0x0000000088500000, 0x0000000088500000| Untracked 
| 134|0x0000000088600000, 0x0000000088600000, 0x0000000088700000|  0%| F|  |TAMS 0x0000000088600000, 0x0000000088600000| Untracked 
| 135|0x0000000088700000, 0x0000000088700000, 0x0000000088800000|  0%| F|  |TAMS 0x0000000088700000, 0x0000000088700000| Untracked 
| 136|0x0000000088800000, 0x0000000088800000, 0x0000000088900000|  0%| F|  |TAMS 0x0000000088800000, 0x0000000088800000| Untracked 
| 137|0x0000000088900000, 0x0000000088900000, 0x0000000088a00000|  0%| F|  |TAMS 0x0000000088900000, 0x0000000088900000| Untracked 
| 138|0x0000000088a00000, 0x0000000088a00000, 0x0000000088b00000|  0%| F|  |TAMS 0x0000000088a00000, 0x0000000088a00000| Untracked 
| 139|0x0000000088b00000, 0x0000000088b00000, 0x0000000088c00000|  0%| F|  |TAMS 0x0000000088b00000, 0x0000000088b00000| Untracked 
| 140|0x0000000088c00000, 0x0000000088c00000, 0x0000000088d00000|  0%| F|  |TAMS 0x0000000088c00000, 0x0000000088c00000| Untracked 
| 141|0x0000000088d00000, 0x0000000088d00000, 0x0000000088e00000|  0%| F|  |TAMS 0x0000000088d00000, 0x0000000088d00000| Untracked 
| 142|0x0000000088e00000, 0x0000000088e00000, 0x0000000088f00000|  0%| F|  |TAMS 0x0000000088e00000, 0x0000000088e00000| Untracked 
| 143|0x0000000088f00000, 0x0000000088f00000, 0x0000000089000000|  0%| F|  |TAMS 0x0000000088f00000, 0x0000000088f00000| Untracked 
| 144|0x0000000089000000, 0x0000000089000000, 0x0000000089100000|  0%| F|  |TAMS 0x0000000089000000, 0x0000000089000000| Untracked 
| 145|0x0000000089100000, 0x0000000089100000, 0x0000000089200000|  0%| F|  |TAMS 0x0000000089100000, 0x0000000089100000| Untracked 
| 146|0x0000000089200000, 0x0000000089200000, 0x0000000089300000|  0%| F|  |TAMS 0x0000000089200000, 0x0000000089200000| Untracked 
| 147|0x0000000089300000, 0x0000000089300000, 0x0000000089400000|  0%| F|  |TAMS 0x0000000089300000, 0x0000000089300000| Untracked 
| 148|0x0000000089400000, 0x0000000089400000, 0x0000000089500000|  0%| F|  |TAMS 0x0000000089400000, 0x0000000089400000| Untracked 
| 149|0x0000000089500000, 0x0000000089500000, 0x0000000089600000|  0%| F|  |TAMS 0x0000000089500000, 0x0000000089500000| Untracked 
| 150|0x0000000089600000, 0x0000000089600000, 0x0000000089700000|  0%| F|  |TAMS 0x0000000089600000, 0x0000000089600000| Untracked 
| 151|0x0000000089700000, 0x0000000089700000, 0x0000000089800000|  0%| F|  |TAMS 0x0000000089700000, 0x0000000089700000| Untracked 
| 152|0x0000000089800000, 0x0000000089800000, 0x0000000089900000|  0%| F|  |TAMS 0x0000000089800000, 0x0000000089800000| Untracked 
| 153|0x0000000089900000, 0x0000000089900000, 0x0000000089a00000|  0%| F|  |TAMS 0x0000000089900000, 0x0000000089900000| Untracked 
| 154|0x0000000089a00000, 0x0000000089a00000, 0x0000000089b00000|  0%| F|  |TAMS 0x0000000089a00000, 0x0000000089a00000| Untracked 
| 155|0x0000000089b00000, 0x0000000089b00000, 0x0000000089c00000|  0%| F|  |TAMS 0x0000000089b00000, 0x0000000089b00000| Untracked 
| 156|0x0000000089c00000, 0x0000000089c00000, 0x0000000089d00000|  0%| F|  |TAMS 0x0000000089c00000, 0x0000000089c00000| Untracked 
| 157|0x0000000089d00000, 0x0000000089d00000, 0x0000000089e00000|  0%| F|  |TAMS 0x0000000089d00000, 0x0000000089d00000| Untracked 
| 158|0x0000000089e00000, 0x0000000089e00000, 0x0000000089f00000|  0%| F|  |TAMS 0x0000000089e00000, 0x0000000089e00000| Untracked 
| 159|0x0000000089f00000, 0x0000000089f00000, 0x000000008a000000|  0%| F|  |TAMS 0x0000000089f00000, 0x0000000089f00000| Untracked 
| 160|0x000000008a000000, 0x000000008a000000, 0x000000008a100000|  0%| F|  |TAMS 0x000000008a000000, 0x000000008a000000| Untracked 
| 161|0x000000008a100000, 0x000000008a100000, 0x000000008a200000|  0%| F|  |TAMS 0x000000008a100000, 0x000000008a100000| Untracked 
| 162|0x000000008a200000, 0x000000008a200000, 0x000000008a300000|  0%| F|  |TAMS 0x000000008a200000, 0x000000008a200000| Untracked 
| 163|0x000000008a300000, 0x000000008a300000, 0x000000008a400000|  0%| F|  |TAMS 0x000000008a300000, 0x000000008a300000| Untracked 
| 164|0x000000008a400000, 0x000000008a400000, 0x000000008a500000|  0%| F|  |TAMS 0x000000008a400000, 0x000000008a400000| Untracked 
| 165|0x000000008a500000, 0x000000008a500000, 0x000000008a600000|  0%| F|  |TAMS 0x000000008a500000, 0x000000008a500000| Untracked 
| 166|0x000000008a600000, 0x000000008a600000, 0x000000008a700000|  0%| F|  |TAMS 0x000000008a600000, 0x000000008a600000| Untracked 
| 167|0x000000008a700000, 0x000000008a7b64a0, 0x000000008a800000| 71%| E|  |TAMS 0x000000008a700000, 0x000000008a700000| Complete 
| 168|0x000000008a800000, 0x000000008a900000, 0x000000008a900000|100%| E|CS|TAMS 0x000000008a800000, 0x000000008a800000| Complete 
| 169|0x000000008a900000, 0x000000008aa00000, 0x000000008aa00000|100%| E|CS|TAMS 0x000000008a900000, 0x000000008a900000| Complete 
| 170|0x000000008aa00000, 0x000000008ab00000, 0x000000008ab00000|100%| E|CS|TAMS 0x000000008aa00000, 0x000000008aa00000| Complete 
| 171|0x000000008ab00000, 0x000000008ac00000, 0x000000008ac00000|100%| E|CS|TAMS 0x000000008ab00000, 0x000000008ab00000| Complete 
| 172|0x000000008ac00000, 0x000000008ad00000, 0x000000008ad00000|100%| E|CS|TAMS 0x000000008ac00000, 0x000000008ac00000| Complete 
| 173|0x000000008ad00000, 0x000000008ae00000, 0x000000008ae00000|100%| E|CS|TAMS 0x000000008ad00000, 0x000000008ad00000| Complete 
| 174|0x000000008ae00000, 0x000000008af00000, 0x000000008af00000|100%| E|CS|TAMS 0x000000008ae00000, 0x000000008ae00000| Complete 
| 175|0x000000008af00000, 0x000000008b000000, 0x000000008b000000|100%| E|CS|TAMS 0x000000008af00000, 0x000000008af00000| Complete 
| 176|0x000000008b000000, 0x000000008b100000, 0x000000008b100000|100%| E|CS|TAMS 0x000000008b000000, 0x000000008b000000| Complete 
| 177|0x000000008b100000, 0x000000008b200000, 0x000000008b200000|100%| E|CS|TAMS 0x000000008b100000, 0x000000008b100000| Complete 
| 178|0x000000008b200000, 0x000000008b300000, 0x000000008b300000|100%| E|CS|TAMS 0x000000008b200000, 0x000000008b200000| Complete 
| 179|0x000000008b300000, 0x000000008b400000, 0x000000008b400000|100%| E|CS|TAMS 0x000000008b300000, 0x000000008b300000| Complete 
| 180|0x000000008b400000, 0x000000008b500000, 0x000000008b500000|100%| E|CS|TAMS 0x000000008b400000, 0x000000008b400000| Complete 
| 181|0x000000008b500000, 0x000000008b600000, 0x000000008b600000|100%| E|CS|TAMS 0x000000008b500000, 0x000000008b500000| Complete 
| 182|0x000000008b600000, 0x000000008b700000, 0x000000008b700000|100%| E|CS|TAMS 0x000000008b600000, 0x000000008b600000| Complete 
| 183|0x000000008b700000, 0x000000008b800000, 0x000000008b800000|100%| E|CS|TAMS 0x000000008b700000, 0x000000008b700000| Complete 
| 184|0x000000008b800000, 0x000000008b900000, 0x000000008b900000|100%| E|CS|TAMS 0x000000008b800000, 0x000000008b800000| Complete 
| 185|0x000000008b900000, 0x000000008ba00000, 0x000000008ba00000|100%| E|CS|TAMS 0x000000008b900000, 0x000000008b900000| Complete 
| 186|0x000000008ba00000, 0x000000008bb00000, 0x000000008bb00000|100%| E|CS|TAMS 0x000000008ba00000, 0x000000008ba00000| Complete 
| 187|0x000000008bb00000, 0x000000008bc00000, 0x000000008bc00000|100%| E|CS|TAMS 0x000000008bb00000, 0x000000008bb00000| Complete 
| 188|0x000000008bc00000, 0x000000008bd00000, 0x000000008bd00000|100%| E|CS|TAMS 0x000000008bc00000, 0x000000008bc00000| Complete 
| 189|0x000000008bd00000, 0x000000008be00000, 0x000000008be00000|100%| E|CS|TAMS 0x000000008bd00000, 0x000000008bd00000| Complete 
| 190|0x000000008be00000, 0x000000008bf00000, 0x000000008bf00000|100%| E|CS|TAMS 0x000000008be00000, 0x000000008be00000| Complete 
| 191|0x000000008bf00000, 0x000000008c000000, 0x000000008c000000|100%| E|CS|TAMS 0x000000008bf00000, 0x000000008bf00000| Complete 
| 192|0x000000008c000000, 0x000000008c100000, 0x000000008c100000|100%| E|CS|TAMS 0x000000008c000000, 0x000000008c000000| Complete 
| 193|0x000000008c100000, 0x000000008c200000, 0x000000008c200000|100%| E|CS|TAMS 0x000000008c100000, 0x000000008c100000| Complete 
| 194|0x000000008c200000, 0x000000008c300000, 0x000000008c300000|100%| E|CS|TAMS 0x000000008c200000, 0x000000008c200000| Complete 
| 195|0x000000008c300000, 0x000000008c400000, 0x000000008c400000|100%| E|CS|TAMS 0x000000008c300000, 0x000000008c300000| Complete 
| 196|0x000000008c400000, 0x000000008c500000, 0x000000008c500000|100%| E|CS|TAMS 0x000000008c400000, 0x000000008c400000| Complete 
| 197|0x000000008c500000, 0x000000008c600000, 0x000000008c600000|100%| E|CS|TAMS 0x000000008c500000, 0x000000008c500000| Complete 
| 198|0x000000008c600000, 0x000000008c700000, 0x000000008c700000|100%| E|CS|TAMS 0x000000008c600000, 0x000000008c600000| Complete 
| 199|0x000000008c700000, 0x000000008c800000, 0x000000008c800000|100%| E|CS|TAMS 0x000000008c700000, 0x000000008c700000| Complete 
| 200|0x000000008c800000, 0x000000008c900000, 0x000000008c900000|100%| E|CS|TAMS 0x000000008c800000, 0x000000008c800000| Complete 
| 201|0x000000008c900000, 0x000000008ca00000, 0x000000008ca00000|100%| E|CS|TAMS 0x000000008c900000, 0x000000008c900000| Complete 
| 202|0x000000008ca00000, 0x000000008cb00000, 0x000000008cb00000|100%| E|CS|TAMS 0x000000008ca00000, 0x000000008ca00000| Complete 
| 203|0x000000008cb00000, 0x000000008cc00000, 0x000000008cc00000|100%| E|CS|TAMS 0x000000008cb00000, 0x000000008cb00000| Complete 
| 204|0x000000008cc00000, 0x000000008cd00000, 0x000000008cd00000|100%| E|CS|TAMS 0x000000008cc00000, 0x000000008cc00000| Complete 
| 205|0x000000008cd00000, 0x000000008ce00000, 0x000000008ce00000|100%| E|CS|TAMS 0x000000008cd00000, 0x000000008cd00000| Complete 
| 206|0x000000008ce00000, 0x000000008cf00000, 0x000000008cf00000|100%| E|CS|TAMS 0x000000008ce00000, 0x000000008ce00000| Complete 
| 207|0x000000008cf00000, 0x000000008d000000, 0x000000008d000000|100%| E|CS|TAMS 0x000000008cf00000, 0x000000008cf00000| Complete 
| 208|0x000000008d000000, 0x000000008d100000, 0x000000008d100000|100%| E|CS|TAMS 0x000000008d000000, 0x000000008d000000| Complete 
| 209|0x000000008d100000, 0x000000008d200000, 0x000000008d200000|100%| E|CS|TAMS 0x000000008d100000, 0x000000008d100000| Complete 
| 210|0x000000008d200000, 0x000000008d300000, 0x000000008d300000|100%| E|CS|TAMS 0x000000008d200000, 0x000000008d200000| Complete 
| 211|0x000000008d300000, 0x000000008d400000, 0x000000008d400000|100%| E|CS|TAMS 0x000000008d300000, 0x000000008d300000| Complete 
| 212|0x000000008d400000, 0x000000008d500000, 0x000000008d500000|100%| E|CS|TAMS 0x000000008d400000, 0x000000008d400000| Complete 
| 213|0x000000008d500000, 0x000000008d600000, 0x000000008d600000|100%| E|CS|TAMS 0x000000008d500000, 0x000000008d500000| Complete 
| 214|0x000000008d600000, 0x000000008d700000, 0x000000008d700000|100%| E|CS|TAMS 0x000000008d600000, 0x000000008d600000| Complete 
| 215|0x000000008d700000, 0x000000008d800000, 0x000000008d800000|100%| E|CS|TAMS 0x000000008d700000, 0x000000008d700000| Complete 
| 216|0x000000008d800000, 0x000000008d900000, 0x000000008d900000|100%| E|CS|TAMS 0x000000008d800000, 0x000000008d800000| Complete 
| 217|0x000000008d900000, 0x000000008da00000, 0x000000008da00000|100%| E|CS|TAMS 0x000000008d900000, 0x000000008d900000| Complete 
| 218|0x000000008da00000, 0x000000008db00000, 0x000000008db00000|100%| E|CS|TAMS 0x000000008da00000, 0x000000008da00000| Complete 
| 219|0x000000008db00000, 0x000000008dc00000, 0x000000008dc00000|100%| E|CS|TAMS 0x000000008db00000, 0x000000008db00000| Complete 
| 220|0x000000008dc00000, 0x000000008dd00000, 0x000000008dd00000|100%| E|CS|TAMS 0x000000008dc00000, 0x000000008dc00000| Complete 
| 221|0x000000008dd00000, 0x000000008de00000, 0x000000008de00000|100%| E|CS|TAMS 0x000000008dd00000, 0x000000008dd00000| Complete 
| 222|0x000000008de00000, 0x000000008df00000, 0x000000008df00000|100%| E|CS|TAMS 0x000000008de00000, 0x000000008de00000| Complete 
| 223|0x000000008df00000, 0x000000008e000000, 0x000000008e000000|100%| E|CS|TAMS 0x000000008df00000, 0x000000008df00000| Complete 
| 224|0x000000008e000000, 0x000000008e100000, 0x000000008e100000|100%| E|CS|TAMS 0x000000008e000000, 0x000000008e000000| Complete 
| 225|0x000000008e100000, 0x000000008e200000, 0x000000008e200000|100%| E|CS|TAMS 0x000000008e100000, 0x000000008e100000| Complete 
| 226|0x000000008e200000, 0x000000008e300000, 0x000000008e300000|100%| E|CS|TAMS 0x000000008e200000, 0x000000008e200000| Complete 
| 227|0x000000008e300000, 0x000000008e400000, 0x000000008e400000|100%| E|CS|TAMS 0x000000008e300000, 0x000000008e300000| Complete 
| 228|0x000000008e400000, 0x000000008e500000, 0x000000008e500000|100%| E|CS|TAMS 0x000000008e400000, 0x000000008e400000| Complete 
| 229|0x000000008e500000, 0x000000008e600000, 0x000000008e600000|100%| E|CS|TAMS 0x000000008e500000, 0x000000008e500000| Complete 
| 230|0x000000008e600000, 0x000000008e700000, 0x000000008e700000|100%| E|CS|TAMS 0x000000008e600000, 0x000000008e600000| Complete 
| 231|0x000000008e700000, 0x000000008e800000, 0x000000008e800000|100%| E|CS|TAMS 0x000000008e700000, 0x000000008e700000| Complete 
| 232|0x000000008e800000, 0x000000008e900000, 0x000000008e900000|100%| E|CS|TAMS 0x000000008e800000, 0x000000008e800000| Complete 
| 233|0x000000008e900000, 0x000000008ea00000, 0x000000008ea00000|100%| E|CS|TAMS 0x000000008e900000, 0x000000008e900000| Complete 
| 234|0x000000008ea00000, 0x000000008eb00000, 0x000000008eb00000|100%| E|CS|TAMS 0x000000008ea00000, 0x000000008ea00000| Complete 
| 235|0x000000008eb00000, 0x000000008ec00000, 0x000000008ec00000|100%| E|CS|TAMS 0x000000008eb00000, 0x000000008eb00000| Complete 
| 236|0x000000008ec00000, 0x000000008ed00000, 0x000000008ed00000|100%| E|CS|TAMS 0x000000008ec00000, 0x000000008ec00000| Complete 
| 237|0x000000008ed00000, 0x000000008ee00000, 0x000000008ee00000|100%| E|  |TAMS 0x000000008ed00000, 0x000000008ed00000| Complete 
| 238|0x000000008ee00000, 0x000000008ef00000, 0x000000008ef00000|100%| E|CS|TAMS 0x000000008ee00000, 0x000000008ee00000| Complete 
| 239|0x000000008ef00000, 0x000000008f000000, 0x000000008f000000|100%| E|CS|TAMS 0x000000008ef00000, 0x000000008ef00000| Complete 
| 240|0x000000008f000000, 0x000000008f100000, 0x000000008f100000|100%| E|CS|TAMS 0x000000008f000000, 0x000000008f000000| Complete 
| 241|0x000000008f100000, 0x000000008f200000, 0x000000008f200000|100%| E|CS|TAMS 0x000000008f100000, 0x000000008f100000| Complete 
| 242|0x000000008f200000, 0x000000008f300000, 0x000000008f300000|100%| E|CS|TAMS 0x000000008f200000, 0x000000008f200000| Complete 
| 243|0x000000008f300000, 0x000000008f400000, 0x000000008f400000|100%| E|CS|TAMS 0x000000008f300000, 0x000000008f300000| Complete 
| 244|0x000000008f400000, 0x000000008f500000, 0x000000008f500000|100%| E|CS|TAMS 0x000000008f400000, 0x000000008f400000| Complete 
| 245|0x000000008f500000, 0x000000008f600000, 0x000000008f600000|100%| E|CS|TAMS 0x000000008f500000, 0x000000008f500000| Complete 
| 246|0x000000008f600000, 0x000000008f700000, 0x000000008f700000|100%| E|CS|TAMS 0x000000008f600000, 0x000000008f600000| Complete 
| 247|0x000000008f700000, 0x000000008f800000, 0x000000008f800000|100%| E|CS|TAMS 0x000000008f700000, 0x000000008f700000| Complete 
| 248|0x000000008f800000, 0x000000008f82bf88, 0x000000008f900000| 17%| S|CS|TAMS 0x000000008f800000, 0x000000008f800000| Complete 
| 249|0x000000008f900000, 0x000000008fa00000, 0x000000008fa00000|100%| S|CS|TAMS 0x000000008f900000, 0x000000008f900000| Complete 
| 250|0x000000008fa00000, 0x000000008fb00000, 0x000000008fb00000|100%| E|CS|TAMS 0x000000008fa00000, 0x000000008fa00000| Complete 
| 251|0x000000008fb00000, 0x000000008fc00000, 0x000000008fc00000|100%| E|CS|TAMS 0x000000008fb00000, 0x000000008fb00000| Complete 
| 252|0x000000008fc00000, 0x000000008fd00000, 0x000000008fd00000|100%| E|CS|TAMS 0x000000008fc00000, 0x000000008fc00000| Complete 
| 253|0x000000008fd00000, 0x000000008fe00000, 0x000000008fe00000|100%| E|CS|TAMS 0x000000008fd00000, 0x000000008fd00000| Complete 

Card table byte_map: [0x0000021a1bff0000,0x0000021a1c3f0000] _byte_map_base: 0x0000021a1bbf0000

Marking Bits (Prev, Next): (CMBitMap*) 0x0000021a06ea6e60, (CMBitMap*) 0x0000021a06ea6e28
 Prev Bits: [0x0000021a1e7f0000, 0x0000021a207f0000)
 Next Bits: [0x0000021a1c7f0000, 0x0000021a1e7f0000)

Polling page: 0x0000021a06cc0000

Metaspace:

Usage:
  Non-class:    128.18 MB capacity,   124.75 MB ( 97%) used,     2.82 MB (  2%) free+waste,   627.31 KB ( <1%) overhead. 
      Class:     19.40 MB capacity,    17.48 MB ( 90%) used,     1.65 MB (  9%) free+waste,   276.88 KB (  1%) overhead. 
       Both:    147.59 MB capacity,   142.23 MB ( 96%) used,     4.47 MB (  3%) free+waste,   904.19 KB ( <1%) overhead. 

Virtual space:
  Non-class space:      130.00 MB reserved,     128.36 MB ( 99%) committed 
      Class space:        1.00 GB reserved,      19.50 MB (  2%) committed 
             Both:        1.13 GB reserved,     147.86 MB ( 13%) committed 

Chunk freelists:
   Non-Class:  176.00 KB
       Class:  98.00 KB
        Both:  274.00 KB

MaxMetaspaceSize: 17179869184.00 GB
CompressedClassSpaceSize: 1.00 GB
Initial GC threshold: 20.80 MB
Current GC threshold: 246.43 MB
CDS: off

CodeHeap 'non-profiled nmethods': size=120000Kb used=25402Kb max_used=25402Kb free=94597Kb
 bounds [0x0000021a13c60000, 0x0000021a15530000, 0x0000021a1b190000]
CodeHeap 'profiled nmethods': size=120000Kb used=62101Kb max_used=62368Kb free=57898Kb
 bounds [0x0000021a0c730000, 0x0000021a10470000, 0x0000021a13c60000]
CodeHeap 'non-nmethods': size=5760Kb used=2506Kb max_used=2594Kb free=3253Kb
 bounds [0x0000021a0c190000, 0x0000021a0c430000, 0x0000021a0c730000]
 total_blobs=28969 nmethods=27927 adapters=953
 compilation: enabled
              stopped_count=0, restarted_count=0
 full_count=0

Compilation events (20 events):
Event: 5507.246 Thread 0x0000021a23be2000 nmethod 32664 0x0000021a15528410 code [0x0000021a155285a0, 0x0000021a155286f8]
Event: 5507.246 Thread 0x0000021a23be2000 32665       4       org.gradle.api.internal.artifacts.PreResolvedResolvableArtifact::getFile (22 bytes)
Event: 5507.247 Thread 0x0000021a23be2000 nmethod 32665 0x0000021a15528890 code [0x0000021a15528a40, 0x0000021a15528b88]
Event: 5507.247 Thread 0x0000021a23be2000 32660       4       org.gradle.api.internal.artifacts.transform.NoMatchConsumerVariantMatchResult::getMatches (4 bytes)
Event: 5507.247 Thread 0x0000021a23be2000 nmethod 32660 0x0000021a15528d90 code [0x0000021a15528f20, 0x0000021a15528f98]
Event: 5507.248 Thread 0x0000021a23be5000 32673       3       com.google.common.reflect.TypeParameter::<init> (28 bytes)
Event: 5507.249 Thread 0x0000021a23be5000 nmethod 32673 0x0000021a0e265e90 code [0x0000021a0e2661e0, 0x0000021a0e267958]
Event: 5507.249 Thread 0x0000021a23be5000 32674       3       com.google.common.reflect.TypeToken::where (45 bytes)
Event: 5507.250 Thread 0x0000021a23be5000 nmethod 32674 0x0000021a0cd1e390 code [0x0000021a0cd1e6a0, 0x0000021a0cd1faa8]
Event: 5507.250 Thread 0x0000021a23be5000 32675       3       com.google.common.reflect.TypeResolver$TypeVariableKey::equalsType (18 bytes)
Event: 5507.250 Thread 0x0000021a23be5000 nmethod 32675 0x0000021a0f2dd410 code [0x0000021a0f2dd5e0, 0x0000021a0f2dd968]
Event: 5507.252 Thread 0x0000021a23be5000 32676       1       groovy.util.AntBuilder::getProject (5 bytes)
Event: 5507.252 Thread 0x0000021a23be5000 nmethod 32676 0x0000021a15529090 code [0x0000021a15529240, 0x0000021a155292f8]
Event: 5507.252 Thread 0x0000021a23be5000 32677       1       org.gradle.api.internal.DefaultNamedDomainObjectCollection$UnfilteredIndex::getPendingAsMap (5 bytes)
Event: 5507.252 Thread 0x0000021a23be5000 nmethod 32677 0x0000021a15529390 code [0x0000021a15529540, 0x0000021a155295f8]
Event: 5507.252 Thread 0x0000021a23be5000 32678       1       com.android.build.gradle.tasks.GenerateResValues_Decorated::publicType (3 bytes)
Event: 5507.252 Thread 0x0000021a23be5000 nmethod 32678 0x0000021a15529690 code [0x0000021a15529840, 0x0000021a155298f8]
Event: 5507.254 Thread 0x0000021a23be5000 32679       1       org.gradle.BuildResult::getFailure (5 bytes)
Event: 5507.254 Thread 0x0000021a23be5000 nmethod 32679 0x0000021a15529990 code [0x0000021a15529b40, 0x0000021a15529bf8]
Event: 5507.276 Thread 0x0000021a2f390000 nmethod 32659 0x0000021a15529c90 code [0x0000021a1552a080, 0x0000021a1552c888]

GC Heap History (20 events):
Event: 4201.819 GC heap before
{Heap before GC invocations=120 (full 0):
 garbage-first heap   total 260096K, used 128717K [0x0000000080000000, 0x0000000100000000)
  region size 1024K, 13 young (13312K), 11 survivors (11264K)
 Metaspace       used 145050K, capacity 150501K, committed 150892K, reserved 1179648K
  class space    used 17871K, capacity 19827K, committed 19968K, reserved 1048576K
}
Event: 4201.907 GC heap after
{Heap after GC invocations=121 (full 0):
 garbage-first heap   total 260096K, used 117169K [0x0000000080000000, 0x0000000100000000)
  region size 1024K, 2 young (2048K), 2 survivors (2048K)
 Metaspace       used 145050K, capacity 150501K, committed 150892K, reserved 1179648K
  class space    used 17871K, capacity 19827K, committed 19968K, reserved 1048576K
}
Event: 4201.957 GC heap before
{Heap before GC invocations=121 (full 0):
 garbage-first heap   total 260096K, used 118193K [0x0000000080000000, 0x0000000100000000)
  region size 1024K, 5 young (5120K), 2 survivors (2048K)
 Metaspace       used 145050K, capacity 150501K, committed 150892K, reserved 1179648K
  class space    used 17871K, capacity 19827K, committed 19968K, reserved 1048576K
}
Event: 4201.959 GC heap after
{Heap after GC invocations=122 (full 0):
 garbage-first heap   total 260096K, used 116891K [0x0000000080000000, 0x0000000100000000)
  region size 1024K, 1 young (1024K), 1 survivors (1024K)
 Metaspace       used 145050K, capacity 150501K, committed 150892K, reserved 1179648K
  class space    used 17871K, capacity 19827K, committed 19968K, reserved 1048576K
}
Event: 4603.983 GC heap before
{Heap before GC invocations=123 (full 0):
 garbage-first heap   total 260096K, used 216219K [0x0000000080000000, 0x0000000100000000)
  region size 1024K, 87 young (89088K), 1 survivors (1024K)
 Metaspace       used 145151K, capacity 150511K, committed 150892K, reserved 1179648K
  class space    used 17873K, capacity 19829K, committed 19968K, reserved 1048576K
}
Event: 4603.999 GC heap after
{Heap after GC invocations=124 (full 0):
 garbage-first heap   total 260096K, used 120680K [0x0000000080000000, 0x0000000100000000)
  region size 1024K, 5 young (5120K), 5 survivors (5120K)
 Metaspace       used 145151K, capacity 150511K, committed 150892K, reserved 1179648K
  class space    used 17873K, capacity 19829K, committed 19968K, reserved 1048576K
}
Event: 4604.364 GC heap before
{Heap before GC invocations=124 (full 0):
 garbage-first heap   total 260096K, used 127848K [0x0000000080000000, 0x0000000100000000)
  region size 1024K, 12 young (12288K), 5 survivors (5120K)
 Metaspace       used 145169K, capacity 150575K, committed 151148K, reserved 1181696K
  class space    used 17873K, capacity 19829K, committed 19968K, reserved 1048576K
}
Event: 4604.377 GC heap after
{Heap after GC invocations=125 (full 0):
 garbage-first heap   total 260096K, used 118698K [0x0000000080000000, 0x0000000100000000)
  region size 1024K, 2 young (2048K), 2 survivors (2048K)
 Metaspace       used 145169K, capacity 150575K, committed 151148K, reserved 1181696K
  class space    used 17873K, capacity 19829K, committed 19968K, reserved 1048576K
}
Event: 4609.861 GC heap before
{Heap before GC invocations=125 (full 0):
 garbage-first heap   total 260096K, used 171946K [0x0000000080000000, 0x0000000100000000)
  region size 1024K, 56 young (57344K), 2 survivors (2048K)
 Metaspace       used 145375K, capacity 150843K, committed 151148K, reserved 1181696K
  class space    used 17897K, capacity 19867K, committed 19968K, reserved 1048576K
}
Event: 4609.867 GC heap after
{Heap after GC invocations=126 (full 0):
 garbage-first heap   total 260096K, used 121005K [0x0000000080000000, 0x0000000100000000)
  region size 1024K, 5 young (5120K), 5 survivors (5120K)
 Metaspace       used 145375K, capacity 150843K, committed 151148K, reserved 1181696K
  class space    used 17897K, capacity 19867K, committed 19968K, reserved 1048576K
}
Event: 4668.636 GC heap before
{Heap before GC invocations=127 (full 0):
 garbage-first heap   total 260096K, used 208045K [0x0000000080000000, 0x0000000100000000)
  region size 1024K, 86 young (88064K), 5 survivors (5120K)
 Metaspace       used 145469K, capacity 150927K, committed 151404K, reserved 1181696K
  class space    used 17899K, capacity 19870K, committed 19968K, reserved 1048576K
}
Event: 4668.641 GC heap after
{Heap after GC invocations=128 (full 0):
 garbage-first heap   total 260096K, used 117270K [0x0000000080000000, 0x0000000100000000)
  region size 1024K, 6 young (6144K), 6 survivors (6144K)
 Metaspace       used 145469K, capacity 150927K, committed 151404K, reserved 1181696K
  class space    used 17899K, capacity 19870K, committed 19968K, reserved 1048576K
}
Event: 4668.669 GC heap before
{Heap before GC invocations=128 (full 0):
 garbage-first heap   total 260096K, used 122390K [0x0000000080000000, 0x0000000100000000)
  region size 1024K, 12 young (12288K), 6 survivors (6144K)
 Metaspace       used 145470K, capacity 150927K, committed 151404K, reserved 1181696K
  class space    used 17899K, capacity 19870K, committed 19968K, reserved 1048576K
}
Event: 4668.704 GC heap after
{Heap after GC invocations=129 (full 0):
 garbage-first heap   total 260096K, used 105169K [0x0000000080000000, 0x0000000100000000)
  region size 1024K, 1 young (1024K), 1 survivors (1024K)
 Metaspace       used 145470K, capacity 150927K, committed 151404K, reserved 1181696K
  class space    used 17899K, capacity 19870K, committed 19968K, reserved 1048576K
}
Event: 4714.814 GC heap before
{Heap before GC invocations=129 (full 0):
 garbage-first heap   total 260096K, used 201425K [0x0000000080000000, 0x0000000100000000)
  region size 1024K, 96 young (98304K), 1 survivors (1024K)
 Metaspace       used 145577K, capacity 151001K, committed 151404K, reserved 1181696K
  class space    used 17900K, capacity 19870K, committed 19968K, reserved 1048576K
}
Event: 4714.832 GC heap after
{Heap after GC invocations=130 (full 0):
 garbage-first heap   total 260096K, used 116092K [0x0000000080000000, 0x0000000100000000)
  region size 1024K, 12 young (12288K), 12 survivors (12288K)
 Metaspace       used 145577K, capacity 151001K, committed 151404K, reserved 1181696K
  class space    used 17900K, capacity 19870K, committed 19968K, reserved 1048576K
}
Event: 5469.792 GC heap before
{Heap before GC invocations=131 (full 0):
 garbage-first heap   total 260096K, used 204156K [0x0000000080000000, 0x0000000100000000)
  region size 1024K, 99 young (101376K), 12 survivors (12288K)
 Metaspace       used 145607K, capacity 151065K, committed 151404K, reserved 1181696K
  class space    used 17903K, capacity 19870K, committed 19968K, reserved 1048576K
}
Event: 5469.815 GC heap after
{Heap after GC invocations=132 (full 0):
 garbage-first heap   total 260096K, used 117546K [0x0000000080000000, 0x0000000100000000)
  region size 1024K, 8 young (8192K), 8 survivors (8192K)
 Metaspace       used 145607K, capacity 151065K, committed 151404K, reserved 1181696K
  class space    used 17903K, capacity 19870K, committed 19968K, reserved 1048576K
}
Event: 5469.838 GC heap before
{Heap before GC invocations=132 (full 0):
 garbage-first heap   total 260096K, used 120618K [0x0000000080000000, 0x0000000100000000)
  region size 1024K, 12 young (12288K), 8 survivors (8192K)
 Metaspace       used 145607K, capacity 151065K, committed 151404K, reserved 1181696K
  class space    used 17903K, capacity 19870K, committed 19968K, reserved 1048576K
}
Event: 5469.895 GC heap after
{Heap after GC invocations=133 (full 0):
 garbage-first heap   total 260096K, used 110883K [0x0000000080000000, 0x0000000100000000)
  region size 1024K, 2 young (2048K), 2 survivors (2048K)
 Metaspace       used 145607K, capacity 151065K, committed 151404K, reserved 1181696K
  class space    used 17903K, capacity 19870K, committed 19968K, reserved 1048576K
}

Deoptimization events (20 events):
Event: 5469.785 Thread 0x0000021a27ffc000 Uncommon trap: trap_request=0xffffffd6 fr.pc=0x0000021a154e74b4 relative=0x0000000000000174
Event: 5469.785 Thread 0x0000021a27ffc000 Uncommon trap: reason=array_check action=maybe_recompile pc=0x0000021a154e74b4 method=com.google.common.collect.ImmutableList.copyIntoArray([Ljava/lang/Object;I)I @ 25 c2
Event: 5469.785 Thread 0x0000021a27ffc000 DEOPT PACKING pc=0x0000021a154e74b4 sp=0x0000006e75efb690
Event: 5469.785 Thread 0x0000021a27ffc000 DEOPT UNPACKING pc=0x0000021a0c1da1af sp=0x0000006e75efb628 mode 2
Event: 5469.785 Thread 0x0000021a27ffc000 Uncommon trap: trap_request=0xffffffd6 fr.pc=0x0000021a154e74b4 relative=0x0000000000000174
Event: 5469.785 Thread 0x0000021a27ffc000 Uncommon trap: reason=array_check action=maybe_recompile pc=0x0000021a154e74b4 method=com.google.common.collect.ImmutableList.copyIntoArray([Ljava/lang/Object;I)I @ 25 c2
Event: 5469.785 Thread 0x0000021a27ffc000 DEOPT PACKING pc=0x0000021a154e74b4 sp=0x0000006e75efb690
Event: 5469.785 Thread 0x0000021a27ffc000 DEOPT UNPACKING pc=0x0000021a0c1da1af sp=0x0000006e75efb628 mode 2
Event: 5469.785 Thread 0x0000021a27ffc000 Uncommon trap: trap_request=0xffffffd6 fr.pc=0x0000021a154e74b4 relative=0x0000000000000174
Event: 5469.785 Thread 0x0000021a27ffc000 Uncommon trap: reason=array_check action=maybe_recompile pc=0x0000021a154e74b4 method=com.google.common.collect.ImmutableList.copyIntoArray([Ljava/lang/Object;I)I @ 25 c2
Event: 5469.785 Thread 0x0000021a27ffc000 DEOPT PACKING pc=0x0000021a154e74b4 sp=0x0000006e75efb690
Event: 5469.785 Thread 0x0000021a27ffc000 DEOPT UNPACKING pc=0x0000021a0c1da1af sp=0x0000006e75efb628 mode 2
Event: 5469.785 Thread 0x0000021a27ffc000 Uncommon trap: trap_request=0xffffffd6 fr.pc=0x0000021a154e74b4 relative=0x0000000000000174
Event: 5469.785 Thread 0x0000021a27ffc000 Uncommon trap: reason=array_check action=maybe_recompile pc=0x0000021a154e74b4 method=com.google.common.collect.ImmutableList.copyIntoArray([Ljava/lang/Object;I)I @ 25 c2
Event: 5469.785 Thread 0x0000021a27ffc000 DEOPT PACKING pc=0x0000021a154e74b4 sp=0x0000006e75efb690
Event: 5469.785 Thread 0x0000021a27ffc000 DEOPT UNPACKING pc=0x0000021a0c1da1af sp=0x0000006e75efb628 mode 2
Event: 5506.849 Thread 0x0000021a2f38a800 Uncommon trap: trap_request=0xffffff4d fr.pc=0x0000021a13f76704 relative=0x00000000000029e4
Event: 5506.849 Thread 0x0000021a2f38a800 Uncommon trap: reason=unstable_if action=reinterpret pc=0x0000021a13f76704 method=java.lang.ref.SoftReference.get()Ljava/lang/Object; @ 6 c2
Event: 5506.849 Thread 0x0000021a2f38a800 DEOPT PACKING pc=0x0000021a13f76704 sp=0x0000006e6e6f4c20
Event: 5506.849 Thread 0x0000021a2f38a800 DEOPT UNPACKING pc=0x0000021a0c1da1af sp=0x0000006e6e6f4b68 mode 2

Classes redefined (0 events):
No events

Internal exceptions (20 events):
Event: 4714.966 Thread 0x0000021a2f38c000 Implicit null exception at 0x0000021a14712bd3 to 0x0000021a14713838
Event: 5469.590 Thread 0x0000021a2f38a800 Exception <a 'sun/nio/fs/WindowsException'{0x000000008bfcd120}> (0x000000008bfcd120) thrown at [./src/hotspot/share/prims/jni.cpp, line 615]
Event: 5469.703 Thread 0x0000021a2f38a800 Exception <a 'sun/nio/fs/WindowsException'{0x000000008b105208}> (0x000000008b105208) thrown at [./src/hotspot/share/prims/jni.cpp, line 615]
Event: 5469.713 Thread 0x0000021a2f38a800 Exception <a 'sun/nio/fs/WindowsException'{0x000000008b1ae388}> (0x000000008b1ae388) thrown at [./src/hotspot/share/prims/jni.cpp, line 615]
Event: 5469.713 Thread 0x0000021a2f38a800 Exception <a 'sun/nio/fs/WindowsException'{0x000000008b1af5e0}> (0x000000008b1af5e0) thrown at [./src/hotspot/share/prims/jni.cpp, line 615]
Event: 5469.713 Thread 0x0000021a2f38a800 Exception <a 'sun/nio/fs/WindowsException'{0x000000008b1b0b58}> (0x000000008b1b0b58) thrown at [./src/hotspot/share/prims/jni.cpp, line 615]
Event: 5469.713 Thread 0x0000021a2f38a800 Exception <a 'sun/nio/fs/WindowsException'{0x000000008b1b1e00}> (0x000000008b1b1e00) thrown at [./src/hotspot/share/prims/jni.cpp, line 615]
Event: 5469.973 Thread 0x0000021a2f38a800 Exception <a 'sun/nio/fs/WindowsException'{0x000000008fde42a8}> (0x000000008fde42a8) thrown at [./src/hotspot/share/prims/jni.cpp, line 615]
Event: 5469.973 Thread 0x0000021a2f38a800 Exception <a 'sun/nio/fs/WindowsException'{0x000000008fde4328}> (0x000000008fde4328) thrown at [./src/hotspot/share/prims/jni.cpp, line 615]
Event: 5469.973 Thread 0x0000021a2f38a800 Exception <a 'sun/nio/fs/WindowsException'{0x000000008fde5cb0}> (0x000000008fde5cb0) thrown at [./src/hotspot/share/prims/jni.cpp, line 615]
Event: 5506.849 Thread 0x0000021a2f38a800 Implicit null exception at 0x0000021a13f73d7e to 0x0000021a13f766f0
Event: 5506.908 Thread 0x0000021a2f38a800 Exception <a 'sun/nio/fs/WindowsException'{0x000000008d3ae488}> (0x000000008d3ae488) thrown at [./src/hotspot/share/prims/jni.cpp, line 615]
Event: 5506.951 Thread 0x0000021a2f38a800 Exception <a 'sun/nio/fs/WindowsException'{0x000000008c68c188}> (0x000000008c68c188) thrown at [./src/hotspot/share/prims/jni.cpp, line 615]
Event: 5506.954 Thread 0x0000021a2f38a800 Exception <a 'sun/nio/fs/WindowsException'{0x000000008c528ae0}> (0x000000008c528ae0) thrown at [./src/hotspot/share/prims/jni.cpp, line 615]
Event: 5506.954 Thread 0x0000021a2f38a800 Exception <a 'sun/nio/fs/WindowsException'{0x000000008c529d38}> (0x000000008c529d38) thrown at [./src/hotspot/share/prims/jni.cpp, line 615]
Event: 5506.954 Thread 0x0000021a2f38a800 Exception <a 'sun/nio/fs/WindowsException'{0x000000008c52afe0}> (0x000000008c52afe0) thrown at [./src/hotspot/share/prims/jni.cpp, line 615]
Event: 5506.954 Thread 0x0000021a2f38a800 Exception <a 'sun/nio/fs/WindowsException'{0x000000008c52c288}> (0x000000008c52c288) thrown at [./src/hotspot/share/prims/jni.cpp, line 615]
Event: 5507.245 Thread 0x0000021a2f38a800 Exception <a 'sun/nio/fs/WindowsException'{0x000000008b052bf0}> (0x000000008b052bf0) thrown at [./src/hotspot/share/prims/jni.cpp, line 615]
Event: 5507.245 Thread 0x0000021a2f38a800 Exception <a 'sun/nio/fs/WindowsException'{0x000000008b052d70}> (0x000000008b052d70) thrown at [./src/hotspot/share/prims/jni.cpp, line 615]
Event: 5507.245 Thread 0x0000021a2f38a800 Exception <a 'sun/nio/fs/WindowsException'{0x000000008b0546f8}> (0x000000008b0546f8) thrown at [./src/hotspot/share/prims/jni.cpp, line 615]

Events (20 events):
Event: 5507.242 Executing VM operation: RevokeBias
Event: 5507.242 Executing VM operation: RevokeBias done
Event: 5507.242 Executing VM operation: RevokeBias
Event: 5507.242 Executing VM operation: RevokeBias done
Event: 5507.242 Executing VM operation: RevokeBias
Event: 5507.242 Executing VM operation: RevokeBias done
Event: 5507.242 Executing VM operation: RevokeBias
Event: 5507.243 Executing VM operation: RevokeBias done
Event: 5507.243 Executing VM operation: RevokeBias
Event: 5507.243 Executing VM operation: RevokeBias done
Event: 5507.243 Executing VM operation: RevokeBias
Event: 5507.243 Executing VM operation: RevokeBias done
Event: 5507.243 Executing VM operation: RevokeBias
Event: 5507.243 Executing VM operation: RevokeBias done
Event: 5507.243 Thread 0x0000021a2f38b000 Thread exited: 0x0000021a2f38b000
Event: 5507.243 Thread 0x0000021a2f38c000 Thread exited: 0x0000021a2f38c000
Event: 5507.250 Executing VM operation: RevokeBias
Event: 5507.251 Executing VM operation: RevokeBias done
Event: 5507.251 Executing VM operation: RevokeBias
Event: 5507.251 Executing VM operation: RevokeBias done


Dynamic libraries:
0x00007ff76f290000 - 0x00007ff76f29a000 	C:\Program Files\Android\Android Studio\jre\bin\java.exe
0x00007ff9c1b60000 - 0x00007ff9c1d50000 	C:\Windows\SYSTEM32\ntdll.dll
0x00007ff9bfbf0000 - 0x00007ff9bfca2000 	C:\Windows\System32\KERNEL32.DLL
0x00007ff9beef0000 - 0x00007ff9bf193000 	C:\Windows\System32\KERNELBASE.dll
0x00007ff9bf2f0000 - 0x00007ff9bf3ea000 	C:\Windows\System32\ucrtbase.dll
0x00007ff9a12a0000 - 0x00007ff9a12b9000 	C:\Program Files\Android\Android Studio\jre\bin\jli.dll
0x00007ff99f660000 - 0x00007ff99f677000 	C:\Program Files\Android\Android Studio\jre\bin\VCRUNTIME140.dll
0x00007ff9bff50000 - 0x00007ff9c00e3000 	C:\Windows\System32\USER32.dll
0x00007ff9af740000 - 0x00007ff9af9c5000 	C:\Windows\WinSxS\amd64_microsoft.windows.common-controls_6595b64144ccf1df_6.0.18362.239_none_e6c7aebd130c7608\COMCTL32.dll
0x00007ff9bf440000 - 0x00007ff9bf461000 	C:\Windows\System32\win32u.dll
0x00007ff9c06c0000 - 0x00007ff9c075e000 	C:\Windows\System32\msvcrt.dll
0x00007ff9c0bf0000 - 0x00007ff9c0c16000 	C:\Windows\System32\GDI32.dll
0x00007ff9c1620000 - 0x00007ff9c1956000 	C:\Windows\System32\combase.dll
0x00007ff9bfcb0000 - 0x00007ff9bfdd0000 	C:\Windows\System32\RPCRT4.dll
0x00007ff9bed30000 - 0x00007ff9beec4000 	C:\Windows\System32\gdi32full.dll
0x00007ff9bf250000 - 0x00007ff9bf2ee000 	C:\Windows\System32\msvcp_win.dll
0x00007ff9bf1d0000 - 0x00007ff9bf250000 	C:\Windows\System32\bcryptPrimitives.dll
0x00007ff9c0760000 - 0x00007ff9c078e000 	C:\Windows\System32\IMM32.DLL
0x00007ff9947c0000 - 0x00007ff99485d000 	C:\Program Files\Android\Android Studio\jre\bin\msvcp140.dll
0x00007ff9866a0000 - 0x00007ff987185000 	C:\Program Files\Android\Android Studio\jre\bin\server\jvm.dll
0x00007ff9c0610000 - 0x00007ff9c06b3000 	C:\Windows\System32\ADVAPI32.dll
0x00007ff9c0b50000 - 0x00007ff9c0be7000 	C:\Windows\System32\sechost.dll
0x00007ff9c08a0000 - 0x00007ff9c08a8000 	C:\Windows\System32\PSAPI.DLL
0x00007ff9bc3a0000 - 0x00007ff9bc3c4000 	C:\Windows\SYSTEM32\WINMM.dll
0x00007ff9ba780000 - 0x00007ff9ba789000 	C:\Windows\SYSTEM32\WSOCK32.dll
0x00007ff9b8f80000 - 0x00007ff9b8f8a000 	C:\Windows\SYSTEM32\VERSION.dll
0x00007ff9c0820000 - 0x00007ff9c088f000 	C:\Windows\System32\WS2_32.dll
0x00007ff9bbcb0000 - 0x00007ff9bbcdd000 	C:\Windows\SYSTEM32\WINMMBASE.dll
0x00007ff9bf3f0000 - 0x00007ff9bf43a000 	C:\Windows\System32\cfgmgr32.dll
0x00007ff9beab0000 - 0x00007ff9beac1000 	C:\Windows\System32\kernel.appcore.dll
0x00007ff9b1470000 - 0x00007ff9b1481000 	C:\Program Files\Android\Android Studio\jre\bin\verify.dll
0x00007ff9ad690000 - 0x00007ff9ad884000 	C:\Windows\SYSTEM32\DBGHELP.DLL
0x00007ff9ad630000 - 0x00007ff9ad65a000 	C:\Windows\SYSTEM32\dbgcore.DLL
0x00007ff9ab120000 - 0x00007ff9ab149000 	C:\Program Files\Android\Android Studio\jre\bin\java.dll
0x00007ff9ba760000 - 0x00007ff9ba76b000 	C:\Program Files\Android\Android Studio\jre\bin\jimage.dll
0x00007ff9b11e0000 - 0x00007ff9b11f8000 	C:\Program Files\Android\Android Studio\jre\bin\zip.dll
0x00007ff9c0d70000 - 0x00007ff9c1450000 	C:\Windows\System32\SHELL32.dll
0x00007ff9bfea0000 - 0x00007ff9bff49000 	C:\Windows\System32\shcore.dll
0x00007ff9bf470000 - 0x00007ff9bfbeb000 	C:\Windows\System32\windows.storage.dll
0x00007ff9bea90000 - 0x00007ff9beaaf000 	C:\Windows\System32\profapi.dll
0x00007ff9bea40000 - 0x00007ff9bea8a000 	C:\Windows\System32\powrprof.dll
0x00007ff9bea10000 - 0x00007ff9bea20000 	C:\Windows\System32\UMPDC.dll
0x00007ff9c1a90000 - 0x00007ff9c1ae2000 	C:\Windows\System32\shlwapi.dll
0x00007ff9beed0000 - 0x00007ff9beee7000 	C:\Windows\System32\cryptsp.dll
0x00007ff9ab100000 - 0x00007ff9ab11a000 	C:\Program Files\Android\Android Studio\jre\bin\net.dll
0x00007ff9b2c80000 - 0x00007ff9b2d70000 	C:\Windows\SYSTEM32\WINHTTP.dll
0x00007ff9be280000 - 0x00007ff9be2e7000 	C:\Windows\system32\mswsock.dll
0x00007ff9ab0e0000 - 0x00007ff9ab0f4000 	C:\Program Files\Android\Android Studio\jre\bin\nio.dll
0x00007ff9919a0000 - 0x00007ff9919c7000 	C:\Users\luong.lk\.gradle\native\e1d6ef7f7dcc3fd88c89a11ec53ec762bb8ba0a96d01ffa2cd45eb1d1d8dd5c5\windows-amd64\native-platform.dll
0x00007ff994190000 - 0x00007ff9942d4000 	C:\Users\luong.lk\.gradle\native\5664cfc778a61ccfe75a443a1ab52a65af34e5dc3c78e0209fed803814484fcb\windows-amd64\native-platform-file-events.dll
0x00007ff9b14a0000 - 0x00007ff9b14aa000 	C:\Program Files\Android\Android Studio\jre\bin\management.dll
0x00007ff9af0e0000 - 0x00007ff9af0ed000 	C:\Program Files\Android\Android Studio\jre\bin\management_ext.dll
0x00007ff9bde40000 - 0x00007ff9bde73000 	C:\Windows\system32\rsaenh.dll
0x00007ff9bf1a0000 - 0x00007ff9bf1c6000 	C:\Windows\System32\bcrypt.dll
0x00007ff9be900000 - 0x00007ff9be925000 	C:\Windows\SYSTEM32\USERENV.dll
0x00007ff9be450000 - 0x00007ff9be45c000 	C:\Windows\SYSTEM32\CRYPTBASE.dll
0x00007ff9bdfe0000 - 0x00007ff9be01a000 	C:\Windows\SYSTEM32\IPHLPAPI.DLL
0x00007ff9c0890000 - 0x00007ff9c0898000 	C:\Windows\System32\NSI.dll
0x00007ff9b35a0000 - 0x00007ff9b35b6000 	C:\Windows\SYSTEM32\dhcpcsvc6.DLL
0x00007ff9b3580000 - 0x00007ff9b359c000 	C:\Windows\SYSTEM32\dhcpcsvc.DLL
0x00007ff9be020000 - 0x00007ff9be0ea000 	C:\Windows\SYSTEM32\DNSAPI.dll
0x00007ff99f460000 - 0x00007ff99f47e000 	C:\Users\luong.lk\AppData\Local\Temp\native-platform11755350241294063148dir\native-platform.dll
0x00007ff9ab370000 - 0x00007ff9ab378000 	C:\Program Files\Android\Android Studio\jre\bin\rmi.dll
0x00007ff9ab0c0000 - 0x00007ff9ab0d6000 	C:\Windows\system32\napinsp.dll
0x00007ff9ab0a0000 - 0x00007ff9ab0ba000 	C:\Windows\system32\pnrpnsp.dll
0x00007ff9acca0000 - 0x00007ff9accae000 	C:\Windows\System32\winrnr.dll
0x00007ff9bb2a0000 - 0x00007ff9bb2bc000 	C:\Windows\system32\NLAapi.dll
0x00007ff9b9520000 - 0x00007ff9b9535000 	C:\Windows\system32\wshbth.dll
0x00007ff9b2c50000 - 0x00007ff9b2c5a000 	C:\Windows\System32\rasadhlp.dll
0x00007ff9b33a0000 - 0x00007ff9b3417000 	C:\Windows\System32\fwpuclnt.dll
0x00007ff9aab30000 - 0x00007ff9aab57000 	C:\Program Files\Android\Android Studio\jre\bin\sunec.dll
0x00007ff9bdac0000 - 0x00007ff9bdaf1000 	C:\Windows\SYSTEM32\ntmarta.dll

dbghelp: loaded successfully - version: 4.0.5 - missing functions: none
symbol engine: initialized successfully - sym options: 0x614 - pdb path: .;C:\Program Files\Android\Android Studio\jre\bin;C:\Windows\SYSTEM32;C:\Windows\WinSxS\amd64_microsoft.windows.common-controls_6595b64144ccf1df_6.0.18362.239_none_e6c7aebd130c7608;C:\Program Files\Android\Android Studio\jre\bin\server;C:\Users\luong.lk\.gradle\native\e1d6ef7f7dcc3fd88c89a11ec53ec762bb8ba0a96d01ffa2cd45eb1d1d8dd5c5\windows-amd64;C:\Users\luong.lk\.gradle\native\5664cfc778a61ccfe75a443a1ab52a65af34e5dc3c78e0209fed803814484fcb\windows-amd64;C:\Users\luong.lk\AppData\Local\Temp\native-platform11755350241294063148dir

VM Arguments:
jvm_args: --add-opens=java.base/java.util=ALL-UNNAMED --add-opens=java.base/java.lang=ALL-UNNAMED --add-opens=java.base/java.lang.invoke=ALL-UNNAMED --add-opens=java.base/java.util=ALL-UNNAMED --add-opens=java.prefs/java.util.prefs=ALL-UNNAMED --add-opens=java.prefs/java.util.prefs=ALL-UNNAMED --add-opens=java.base/java.nio.charset=ALL-UNNAMED --add-opens=java.base/java.net=ALL-UNNAMED --add-opens=java.base/java.util.concurrent.atomic=ALL-UNNAMED -Xmx2048m -Dfile.encoding=UTF-8 -Duser.country=US -Duser.language=en -Duser.variant 
java_command: org.gradle.launcher.daemon.bootstrap.GradleDaemon 7.3.3
java_class_path (initial): C:\Users\luong.lk\.gradle\wrapper\dists\gradle-7.3.3-bin\6a41zxkdtcxs8rphpq6y0069z\gradle-7.3.3\lib\gradle-launcher-7.3.3.jar
Launcher Type: SUN_STANDARD

[Global flags]
     intx CICompilerCount                          = 4                                         {product} {ergonomic}
     uint ConcGCThreads                            = 2                                         {product} {ergonomic}
     uint G1ConcRefinementThreads                  = 8                                         {product} {ergonomic}
   size_t G1HeapRegionSize                         = 1048576                                   {product} {ergonomic}
    uintx GCDrainStackTargetSize                   = 64                                        {product} {ergonomic}
   size_t InitialHeapSize                          = 266338304                                 {product} {ergonomic}
   size_t MarkStackSize                            = 4194304                                   {product} {ergonomic}
   size_t MaxHeapSize                              = 2147483648                                {product} {command line}
   size_t MaxNewSize                               = 1287651328                                {product} {ergonomic}
   size_t MinHeapDeltaBytes                        = 1048576                                   {product} {ergonomic}
    uintx NonNMethodCodeHeapSize                   = 5836300                                {pd product} {ergonomic}
    uintx NonProfiledCodeHeapSize                  = 122910970                              {pd product} {ergonomic}
    uintx ProfiledCodeHeapSize                     = 122910970                              {pd product} {ergonomic}
    uintx ReservedCodeCacheSize                    = 251658240                              {pd product} {ergonomic}
     bool SegmentedCodeCache                       = true                                      {product} {ergonomic}
     bool UseCompressedClassPointers               = true                                 {lp64_product} {ergonomic}
     bool UseCompressedOops                        = true                                 {lp64_product} {ergonomic}
     bool UseG1GC                                  = true                                      {product} {ergonomic}
     bool UseLargePagesIndividualAllocation        = false                                  {pd product} {ergonomic}

Logging:
Log output configuration:
 #0: stdout all=warning uptime,level,tags
 #1: stderr all=off uptime,level,tags

Environment Variables:
PATH=C:\Windows\system32;C:\Windows;C:\Windows\System32\Wbem;C:\Windows\System32\WindowsPowerShell\v1.0\;C:\Windows\System32\OpenSSH\;C:\Users\luong.lk\AppData\Local\Microsoft\WindowsApps;
USERNAME=luong.lk
OS=Windows_NT
PROCESSOR_IDENTIFIER=Intel64 Family 6 Model 158 Stepping 13, GenuineIntel



---------------  S Y S T E M  ---------------

OS: Windows 10 , 64 bit Build 18362 (10.0.18362.86)
OS uptime: 0 days 22:06 hours

CPU:total 8 (initial active 8) (8 cores per cpu, 1 threads per core) family 6 model 158 stepping 13 microcode 0xb4, cmov, cx8, fxsr, mmx, sse, sse2, sse3, ssse3, sse4.1, sse4.2, popcnt, avx, avx2, aes, clmul, erms, rtm, 3dnowpref, lzcnt, tsc, tscinvbit, bmi1, bmi2, adx, fma

Memory: 4k page, system-wide physical 16220M (5903M free)
TotalPageFile size 19548M (AvailPageFile size 22M)
current process WorkingSet (physical memory assigned to process): 374M, peak: 607M
current process commit charge ("private bytes"): 709M, peak: 743M

vm_info: OpenJDK 64-Bit Server VM (11.0.12+7-b1504.28-7817840) for windows-amd64 JRE (11.0.12+7-b1504.28-7817840), built on Oct 13 2021 22:12:33 by "builder" with MS VC++ 14.0 (VS2015)

END.
